  Reading Qt configuration (C:/Qt/5.9.9/msvc2017_64/bin/qmake)
  uic src\UI\LeetCodeDesktop.ui
  uic src\UI\ProblemWidget.ui
  uic src\UI\WindowTool.ui
  rcc src\UI\LeetCodeDesktop.qrc
  moc src\UI\LeetCodeDesktop.h
  moc src\UI\ProblemWidget.h
  moc src\UI\WindowTool.h
   RCC: Warning: No resources in 'C:\Users\Aliaksei_Kukhta\LeetCodeApp\src\UI\LeetCodeDesktop.qrc'.
  RequestManager.cpp
  main.cpp
  JsonManager.cpp
  LeetCodeDesktop.cpp
  ProblemWidget.cpp
  WindowTool.cpp
  qrc_LeetCodeDesktop.cpp
  moc_LeetCodeDesktop.cpp
  moc_ProblemWidget.cpp
  moc_WindowTool.cpp
  LeetCodeApp.vcxproj -> C:\Users\Aliaksei_Kukhta\LeetCodeApp\x64\Debug\LeetCodeApp.exe
